-------------------------------------------------------------------------------
Test set: com.ecom.productservice.ProductServiceApplicationTests
-------------------------------------------------------------------------------
Tests run: 1, Failures: 0, Errors: 1, Skipped: 0, Time elapsed: 1.342 s <<< FAILURE! - in com.ecom.productservice.ProductServiceApplicationTests
com.ecom.productservice.ProductServiceApplicationTests  Time elapsed: 1.342 s  <<< ERROR!
java.lang.IllegalStateException: Could not find a valid Docker environment. Please see logs and check configuration

